<?xml version="1.0"?><coverage lines-covered="163" lines-valid="251" line-rate="0.649402390438247" branches-covered="0" branches-valid="0" branch-rate="0" complexity="0" version="1.9" timestamp="1756789116"><sources><source>/home/cesar/Documents/Proyectos/chemflow-rust</source></sources><packages><package name="src/workflow" line-rate="0.7755102040816326" branch-rate="0" complexity="0"><classes><class name="manager" filename="src/workflow/manager.rs" line-rate="1" branch-rate="0" complexity="0"><methods/><lines><line number="16" hits="1"/><line number="28" hits="1"/><line number="39" hits="1"/><line number="40" hits="1"/><line number="41" hits="1"/><line number="42" hits="1"/><line number="43" hits="1"/><line number="44" hits="1"/><line number="45" hits="4"/><line number="46" hits="1"/><line number="47" hits="1"/><line number="48" hits="1"/><line number="52" hits="2"/><line number="54" hits="1"/></lines></class><class name="step" filename="src/workflow/step.rs" line-rate="0.7380952380952381" branch-rate="0" complexity="0"><methods/><lines><line number="71" hits="0"/><line number="72" hits="0"/><line number="75" hits="0"/><line number="76" hits="0"/><line number="79" hits="0"/><line number="80" hits="0"/><line number="83" hits="0"/><line number="84" hits="0"/><line number="87" hits="0"/><line number="88" hits="0"/><line number="91" hits="0"/><line number="95" hits="4"/><line number="101" hits="2"/><line number="102" hits="1"/><line number="103" hits="1"/><line number="104" hits="1"/><line number="105" hits="1"/><line number="106" hits="1"/><line number="107" hits="2"/><line number="115" hits="2"/><line number="117" hits="1"/><line number="118" hits="2"/><line number="119" hits="1"/><line number="120" hits="1"/><line number="121" hits="1"/><line number="122" hits="1"/><line number="123" hits="3"/><line number="124" hits="1"/><line number="125" hits="1"/><line number="126" hits="2"/><line number="127" hits="1"/><line number="128" hits="1"/><line number="130" hits="1"/><line number="131" hits="1"/><line number="132" hits="1"/><line number="149" hits="0"/><line number="150" hits="0"/><line number="153" hits="0"/><line number="154" hits="0"/><line number="157" hits="0"/><line number="158" hits="0"/><line number="161" hits="0"/><line number="162" hits="0"/><line number="165" hits="0"/><line number="166" hits="0"/><line number="169" hits="0"/><line number="173" hits="4"/><line number="179" hits="2"/><line number="180" hits="1"/><line number="181" hits="1"/><line number="182" hits="1"/><line number="183" hits="1"/><line number="184" hits="1"/><line number="185" hits="1"/><line number="186" hits="2"/><line number="195" hits="2"/><line number="196" hits="3"/><line number="197" hits="4"/><line number="198" hits="2"/><line number="199" hits="1"/><line number="200" hits="1"/><line number="201" hits="1"/><line number="203" hits="1"/><line number="204" hits="3"/><line number="205" hits="1"/><line number="206" hits="1"/><line number="207" hits="2"/><line number="208" hits="1"/><line number="209" hits="1"/><line number="213" hits="1"/><line number="214" hits="1"/><line number="215" hits="1"/><line number="216" hits="1"/><line number="217" hits="1"/><line number="218" hits="1"/><line number="219" hits="3"/><line number="220" hits="1"/><line number="221" hits="1"/><line number="222" hits="2"/><line number="223" hits="1"/><line number="224" hits="1"/><line number="226" hits="1"/><line number="227" hits="1"/><line number="228" hits="1"/></lines></class></classes></package><package name="src" line-rate="0.649402390438247" branch-rate="0" complexity="0"><classes><class name="main" filename="src/main.rs" line-rate="0" branch-rate="0" complexity="0"><methods/><lines><line number="17" hits="0"/><line number="18" hits="0"/><line number="21" hits="0"/><line number="24" hits="0"/><line number="25" hits="0"/><line number="27" hits="0"/><line number="28" hits="0"/><line number="31" hits="0"/><line number="35" hits="0"/><line number="36" hits="0"/><line number="37" hits="0"/><line number="38" hits="0"/><line number="39" hits="0"/><line number="45" hits="0"/><line number="46" hits="0"/><line number="47" hits="0"/><line number="48" hits="0"/><line number="49" hits="0"/><line number="50" hits="0"/><line number="56" hits="0"/><line number="57" hits="0"/><line number="60" hits="0"/><line number="61" hits="0"/><line number="64" hits="0"/><line number="65" hits="0"/><line number="68" hits="0"/><line number="69" hits="0"/></lines></class><class name="molecule" filename="src/molecule.rs" line-rate="1" branch-rate="0" complexity="0"><methods/><lines><line number="12" hits="1"/><line number="26" hits="1"/><line number="27" hits="2"/><line number="28" hits="2"/><line number="30" hits="1"/><line number="31" hits="1"/><line number="32" hits="1"/><line number="34" hits="1"/></lines></class></classes></package><package name="src/providers/molecule" line-rate="0.5111111111111111" branch-rate="0" complexity="0"><classes><class name="traitmolecule" filename="src/providers/molecule/traitmolecule.rs" line-rate="0" branch-rate="0" complexity="0"><methods/><lines><line number="40" hits="0"/><line number="42" hits="0"/><line number="43" hits="0"/></lines></class></classes></package><package name="src/data" line-rate="1" branch-rate="0" complexity="0"><classes><class name="family" filename="src/data/family.rs" line-rate="1" branch-rate="0" complexity="0"><methods/><lines><line number="29" hits="1"/><line number="31" hits="1"/><line number="34" hits="1"/><line number="35" hits="1"/><line number="36" hits="1"/><line number="41" hits="1"/><line number="47" hits="2"/><line number="48" hits="1"/><line number="51" hits="1"/><line number="52" hits="1"/></lines></class><class name="types" filename="src/data/types.rs" line-rate="1" branch-rate="0" complexity="0"><methods/><lines><line number="22" hits="1"/><line number="23" hits="1"/><line number="26" hits="1"/><line number="27" hits="1"/><line number="30" hits="1"/><line number="31" hits="1"/></lines></class></classes></package><package name="src/database" line-rate="0.5806451612903226" branch-rate="0" complexity="0"><classes><class name="repository" filename="src/database/repository.rs" line-rate="0.5806451612903226" branch-rate="0" complexity="0"><methods/><lines><line number="11" hits="1"/><line number="13" hits="1"/><line number="17" hits="4"/><line number="18" hits="1"/><line number="19" hits="2"/><line number="20" hits="1"/><line number="23" hits="4"/><line number="24" hits="2"/><line number="27" hits="4"/><line number="28" hits="2"/><line number="29" hits="2"/><line number="32" hits="4"/><line number="33" hits="2"/><line number="34" hits="1"/><line number="38" hits="4"/><line number="39" hits="2"/><line number="42" hits="4"/><line number="43" hits="1"/><line number="120" hits="0"/><line number="126" hits="0"/><line number="127" hits="0"/><line number="130" hits="0"/><line number="131" hits="0"/><line number="132" hits="0"/><line number="133" hits="0"/><line number="136" hits="0"/><line number="137" hits="0"/><line number="138" hits="0"/><line number="139" hits="0"/><line number="140" hits="0"/><line number="141" hits="0"/></lines></class></classes></package><package name="src/providers/properties" line-rate="0.8461538461538461" branch-rate="0" complexity="0"><classes><class name="trait_properties" filename="src/providers/properties/trait_properties.rs" line-rate="0" branch-rate="0" complexity="0"><methods/><lines><line number="144" hits="0"/><line number="146" hits="0"/><line number="147" hits="0"/></lines></class></classes></package><package name="src/providers" line-rate="0.6338028169014085" branch-rate="0" complexity="0"><classes></classes></package><package name="src/providers/properties/implementations" line-rate="0.9565217391304348" branch-rate="0" complexity="0"><classes><class name="test_provider" filename="src/providers/properties/implementations/test_provider.rs" line-rate="0.9565217391304348" branch-rate="0" complexity="0"><methods/><lines><line number="19" hits="1"/><line number="23" hits="1"/><line number="27" hits="1"/><line number="31" hits="1"/><line number="32" hits="1"/><line number="35" hits="1"/><line number="36" hits="1"/><line number="37" hits="3"/><line number="38" hits="1"/><line number="39" hits="1"/><line number="40" hits="1"/><line number="42" hits="2"/><line number="44" hits="1"/><line number="47" hits="5"/><line number="52" hits="1"/><line number="53" hits="0"/><line number="56" hits="1"/><line number="57" hits="2"/><line number="58" hits="2"/><line number="61" hits="1"/><line number="63" hits="1"/><line number="65" hits="1"/><line number="67" hits="1"/></lines></class></classes></package><package name="src/providers/molecule/implementations" line-rate="0.5476190476190477" branch-rate="0" complexity="0"><classes><class name="mock_provider" filename="src/providers/molecule/implementations/mock_provider.rs" line-rate="0.05263157894736842" branch-rate="0" complexity="0"><methods/><lines><line number="16" hits="1"/><line number="23" hits="0"/><line number="24" hits="0"/><line number="27" hits="0"/><line number="28" hits="0"/><line number="31" hits="0"/><line number="35" hits="0"/><line number="36" hits="0"/><line number="39" hits="0"/><line number="43" hits="0"/><line number="44" hits="0"/><line number="45" hits="0"/><line number="48" hits="0"/><line number="49" hits="0"/><line number="50" hits="0"/><line number="51" hits="0"/><line number="52" hits="0"/><line number="54" hits="0"/><line number="56" hits="0"/></lines></class><class name="test_provider" filename="src/providers/molecule/implementations/test_provider.rs" line-rate="0.9565217391304348" branch-rate="0" complexity="0"><methods/><lines><line number="19" hits="1"/><line number="23" hits="1"/><line number="27" hits="1"/><line number="31" hits="1"/><line number="32" hits="1"/><line number="33" hits="3"/><line number="34" hits="1"/><line number="35" hits="1"/><line number="36" hits="1"/><line number="38" hits="2"/><line number="40" hits="1"/><line number="43" hits="5"/><line number="47" hits="1"/><line number="48" hits="0"/><line number="51" hits="1"/><line number="52" hits="3"/><line number="53" hits="2"/><line number="54" hits="2"/><line number="55" hits="2"/><line number="56" hits="1"/><line number="59" hits="1"/><line number="60" hits="2"/><line number="61" hits="1"/></lines></class></classes></package></packages></coverage>